0 silly argv {
0 silly argv   _: [ 'version' ],
0 silly argv   lernaVersion: '8.1.9',
0 silly argv   '$0': 'node_modules/.bin/lerna'
0 silly argv }
1 notice cli v8.1.9
2 verbose packageConfigs Package manager "pnpm" detected. Resolving packages using `pnpm-workspace.yaml`.
3 verbose rootPath /home/lharti/workspace/jsonthing
4 info versioning independent
5 silly isAnythingCommitted
6 verbose isAnythingCommitted 1
7 silly getCurrentBranch
8 verbose currentBranch test
9 silly hasTags
10 verbose hasTags false
11 info Assuming all packages changed
12 verbose updated jsonthing-api
13 verbose updated jsonthing-web
14 warn version Skipping working tree validation, proceed at your own risk
15 silly independent for jsonthing-api at /home/lharti/workspace/jsonthing/apps/jsonthing-api
16 verbose getChangelogConfig using preset "conventional-changelog-angular"
17 silly npa Result {
17 silly npa   type: 'range',
17 silly npa   registry: true,
17 silly npa   where: undefined,
17 silly npa   raw: 'conventional-changelog-angular',
17 silly npa   name: 'conventional-changelog-angular',
17 silly npa   escapedName: 'conventional-changelog-angular',
17 silly npa   scope: undefined,
17 silly npa   rawSpec: '*',
17 silly npa   saveSpec: null,
17 silly npa   fetchSpec: '*',
17 silly npa   gitRange: undefined,
17 silly npa   gitCommittish: undefined,
17 silly npa   gitSubdir: undefined,
17 silly npa   hosted: undefined
17 silly npa }
18 verbose getChangelogConfig Attempting to resolve preset "conventional-changelog-angular"
19 info getChangelogConfig Successfully resolved preset "conventional-changelog-angular"
20 verbose independent increment 0.6.0 by minor
21 silly independent for jsonthing-web at /home/lharti/workspace/jsonthing/apps/jsonthing-web
22 verbose independent increment 0.7.0 by minor
23 info execute Skipping git push
24 info execute Skipping releases
25 silly lifecycle No script for "preversion" in "jsonthing", continuing
26 silly lifecycle No script for "preversion" in "jsonthing-api", continuing
27 silly lifecycle No script for "preversion" in "jsonthing-web", continuing
28 verbose version jsonthing-api has no lockfile. Skipping lockfile update.
29 verbose version jsonthing-web has no lockfile. Skipping lockfile update.
30 silly lifecycle No script for "version" in "jsonthing-api", continuing
31 silly independent for jsonthing-api at /home/lharti/workspace/jsonthing/apps/jsonthing-api
32 silly lifecycle No script for "version" in "jsonthing-web", continuing
33 silly independent for jsonthing-web at /home/lharti/workspace/jsonthing/apps/jsonthing-web
34 silly independent writing new entry: "# 0.7.0 (2024-11-06)\n\n\n### Bug Fixes\n\n* **api/docs:** doc content type and validation ([#50](https://github.com/lharti/jsonthing/issues/50)) ([c94fa0b](https://github.com/lharti/jsonthing/commit/c94fa0b5a196e3d6f31747f0168530182c688505))\n* **api/docs:** export MongooseModule in DocsModelModule ([9f2d472](https://github.com/lharti/jsonthing/commit/9f2d4723c4292340fc3ba28589b4e09611e58ecc))\n\n\n### Features\n\n* **api/docs:** add GET /dc/:id ([#56](https://github.com/lharti/jsonthing/issues/56)) ([8286997](https://github.com/lharti/jsonthing/commit/8286997a6baa42b6d75fbd0c4ba654717a6635ec))\n* **api/docs:** add GET /docs/:id endpoint ([49bc54d](https://github.com/lharti/jsonthing/commit/49bc54d50d7b010f61a773254b446ea9a8e90754))\n* **api/docs:** add GET /docs/:id/content endpoint ([#49](https://github.com/lharti/jsonthing/issues/49)) ([20e4a54](https://github.com/lharti/jsonthing/commit/20e4a54eff0bc0ef280f717806158d8f729879ba))\n* **api/docs:** add PATCH /docs/:id endpoint ([#16](https://github.com/lharti/jsonthing/issues/16)) ([f0a37a2](https://github.com/lharti/jsonthing/commit/f0a37a23c858913d0a5b908838696f44615436fe))\n* **api:** add api service ([#9](https://github.com/lharti/jsonthing/issues/9)) ([a0c3cc7](https://github.com/lharti/jsonthing/commit/a0c3cc7b3639a3f8939ecad8c7e4726aa15ff815))\n* **api:** add ConfigModule validation ([66aa72f](https://github.com/lharti/jsonthing/commit/66aa72f6acfdbee89cc1a4d29eea2a3a9a928949))\n* **api:** add DatabaseError to @/common/errors ([4931e77](https://github.com/lharti/jsonthing/commit/4931e778473f8bdae0c9ce1401c9e0e8361c93b1))\n* **api:** add DocsModule ([932d5cb](https://github.com/lharti/jsonthing/commit/932d5cb30c2cf72f657879935b2a0f0a219f5840))\n* **api:** add mongodb database ([#11](https://github.com/lharti/jsonthing/issues/11)) ([181d37d](https://github.com/lharti/jsonthing/commit/181d37dae1bf683f8789d5d2b1077af37ceb1b1d))\n* **api:** enable CORS with all origins accepted ([#39](https://github.com/lharti/jsonthing/issues/39)) ([9ea3c49](https://github.com/lharti/jsonthing/commit/9ea3c49cd7034017e4cf36231b63a53941a79f4d))\n* change doc content filed type from string to object ([#38](https://github.com/lharti/jsonthing/issues/38)) ([016950f](https://github.com/lharti/jsonthing/commit/016950f2cbc0e36bfc574301127ce68aba51b69f))\n\n\n\n"
35 silly independent writing new entry: "# 0.8.0 (2024-11-06)\n\n\n### Bug Fixes\n\n* **web/doc:** initialContent undifined data error ([#19](https://github.com/lharti/jsonthing/issues/19)) ([c14eb3b](https://github.com/lharti/jsonthing/commit/c14eb3b91025b199e184d9eac34a0e7655b15ef0))\n* **web/doc:** save button not disabled after creating fresh new doc ([#58](https://github.com/lharti/jsonthing/issues/58)) ([68c1472](https://github.com/lharti/jsonthing/commit/68c14722d056fdfb1473f27ad820fb1de2acab2a))\n* **web/doc:** use new doc data format ([#57](https://github.com/lharti/jsonthing/issues/57)) ([3300475](https://github.com/lharti/jsonthing/commit/330047500755b6b8e74b1c3c4e061909fe240057))\n* **web:** add missing types ([a1351c2](https://github.com/lharti/jsonthing/commit/a1351c2ceddd0e4cda38fc30464afbf369db63f3))\n* **web:** jest path aliases config ([ca2183b](https://github.com/lharti/jsonthing/commit/ca2183b8f02f15deaa5c034acc895665d1262126))\n* **web:** specify font in body ([af5f2ff](https://github.com/lharti/jsonthing/commit/af5f2ff9f2662c28e60d8410755cc3aad832a546))\n\n\n### Features\n\n* change doc content filed type from string to object ([#38](https://github.com/lharti/jsonthing/issues/38)) ([016950f](https://github.com/lharti/jsonthing/commit/016950f2cbc0e36bfc574301127ce68aba51b69f))\n* **web/auth:** add UserButton to NavbarAuthButtons ([d05a09b](https://github.com/lharti/jsonthing/commit/d05a09b3f477979dd87d69ba903b34991755e21a))\n* **web/doc:** add doc title to document page ([#23](https://github.com/lharti/jsonthing/issues/23)) ([2d2a8d5](https://github.com/lharti/jsonthing/commit/2d2a8d5c45ca0afcccbcd674476edb48b363bf1b))\n* **web/doc:** add DocTitleEditor component ([#22](https://github.com/lharti/jsonthing/issues/22)) ([4598696](https://github.com/lharti/jsonthing/commit/459869662de638525493630368d612488065ecb0))\n* **web/doc:** add document endpoint component ([#36](https://github.com/lharti/jsonthing/issues/36)) ([25f99b2](https://github.com/lharti/jsonthing/commit/25f99b2cee187ecf478eb3fbe67bb2e4da3633ef))\n* **web/doc:** add pending and success states to save doc button ([#18](https://github.com/lharti/jsonthing/issues/18)) ([4cd185d](https://github.com/lharti/jsonthing/commit/4cd185da05cbef989bcffc44ac9db1de8dad58d3))\n* **web/doc:** update doc route layout ([#25](https://github.com/lharti/jsonthing/issues/25)) ([b429ec8](https://github.com/lharti/jsonthing/commit/b429ec8d1ea6bde6bd6f7d6694673e67cc128266))\n* **web/lib:** add prettifyJson function ([6a6424c](https://github.com/lharti/jsonthing/commit/6a6424c93f7e8235fd29832e4a4f9f1f7118a82d))\n* **web/ui:** add EditableHeading component ([#21](https://github.com/lharti/jsonthing/issues/21)) ([719b7a3](https://github.com/lharti/jsonthing/commit/719b7a33eb98e87de3bf928b5c729cccd3bf9ce1))\n* **web/ui:** add shadcn button component ([39a47a3](https://github.com/lharti/jsonthing/commit/39a47a3f5e7d4fb25e8f757a513a7ef1141a953e))\n* **web/ui:** add shadcn skeleton component ([34d7f58](https://github.com/lharti/jsonthing/commit/34d7f589c41729a4b508f989165e2c5062cfec23))\n* **web/ui:** add shadcn Tooltip component ([6d14510](https://github.com/lharti/jsonthing/commit/6d14510b20ec67bf0ee2a09350fedf26d5fe4c85))\n* **web:** add /dash route ([abc3d8b](https://github.com/lharti/jsonthing/commit/abc3d8b439d763d4faa8b4edca3aaa6908085b07))\n* **web:** add `checkDocExists` to docs service ([fe2d7fd](https://github.com/lharti/jsonthing/commit/fe2d7fd6823576691e77680c3bb1fface6c1febf))\n* **web:** add `prefetchDoc` to docs service ([745b873](https://github.com/lharti/jsonthing/commit/745b87373f3f94490177aa1315a0141619118d9b))\n* **web:** add clerk ([e83d875](https://github.com/lharti/jsonthing/commit/e83d875513c2c4f12ada865931fcfff286bee8fd))\n* **web:** add create new doc button ([#7](https://github.com/lharti/jsonthing/issues/7)) ([18c8732](https://github.com/lharti/jsonthing/commit/18c8732359fc906d1fed464276362107cb44301d))\n* **web:** add doc not found page ([#62](https://github.com/lharti/jsonthing/issues/62)) ([efd6356](https://github.com/lharti/jsonthing/commit/efd63560139d95908b5d9667f83591835d9f9a04))\n* **web:** add editor to root page ([149f07b](https://github.com/lharti/jsonthing/commit/149f07bc5659d89311277e969d13830a71891fdd))\n* **web:** add JsonEditor component ([e4a3fb6](https://github.com/lharti/jsonthing/commit/e4a3fb6425490487956ad267846299261f96a748))\n* **web:** add JsonEditorActionBar component ([0e37d4b](https://github.com/lharti/jsonthing/commit/0e37d4b696a444523c66900aef3996adbc930196))\n* **web:** add JsonEditorActionBar component ([00a2dd4](https://github.com/lharti/jsonthing/commit/00a2dd4557eea47d363dd88c4f41ff4a042abf31))\n* **web:** add JsonEditorActionBar to JsonEditor ([a60cd24](https://github.com/lharti/jsonthing/commit/a60cd245058175a62e8030bf322aee5b0c26ac88))\n* **web:** add JsonEditorActionBarBtn component ([e9d1e46](https://github.com/lharti/jsonthing/commit/e9d1e463dae1905af66ce0dd38d41f1fecbf261b))\n* **web:** add leading feedback to create new doc ([#61](https://github.com/lharti/jsonthing/issues/61)) ([56aae1d](https://github.com/lharti/jsonthing/commit/56aae1dcfb80b99de1e511c416efb37e64c61daf))\n* **web:** add Navbar component ([e445b25](https://github.com/lharti/jsonthing/commit/e445b258968a7242007704b49e28bbfba3874b2e))\n* **web:** add NavbarAuthButtons component ([badb797](https://github.com/lharti/jsonthing/commit/badb7971351c7e467fb4db4fad77703ee8156dd5))\n* **web:** add public doc page ([2f2d8df](https://github.com/lharti/jsonthing/commit/2f2d8dfc14c4d714721252a32c81102519eb1bef))\n* **web:** add SignInButton component ([b358530](https://github.com/lharti/jsonthing/commit/b358530a3896873c1bd5c8ad196b0cb330472976))\n* **web:** add SignUpButton component ([1689a6e](https://github.com/lharti/jsonthing/commit/1689a6e6f776acee02d3a0fdbd7c243d29c2c69c))\n* **web:** add top bar loader ([#59](https://github.com/lharti/jsonthing/issues/59)) ([91e0ea0](https://github.com/lharti/jsonthing/commit/91e0ea0538f969291269b5b2801662f201497dd1))\n* **web:** add useGetDoc hook ([41d1448](https://github.com/lharti/jsonthing/commit/41d14482c9a43aa79e543df0789ba8ee6a72150c))\n* **web:** add useUpdateDoc hook ([85743f2](https://github.com/lharti/jsonthing/commit/85743f238c9cfaef14d2fad675d45221406c336a))\n* **web:** make JsonEditor cursor wider ([a77cbe0](https://github.com/lharti/jsonthing/commit/a77cbe0578a3a22d542d0838bf0e414ef9122c44))\n* **web:** update website head title and description ([e36ed2b](https://github.com/lharti/jsonthing/commit/e36ed2b3e1073f89bb666c4e60e3cb8599e6e55c))\n\n\n\n"
36 verbose independent wrote /home/lharti/workspace/jsonthing/apps/jsonthing-api/CHANGELOG.md
37 verbose independent wrote /home/lharti/workspace/jsonthing/apps/jsonthing-web/CHANGELOG.md
38 silly lifecycle No script for "version" in "jsonthing", continuing
39 verbose version Updating root pnpm-lock.yaml
40 silly gitAdd [
40 silly gitAdd   'apps/jsonthing-api/package.json',
40 silly gitAdd   'apps/jsonthing-web/package.json',
40 silly gitAdd   'apps/jsonthing-api/CHANGELOG.md',
40 silly gitAdd   'apps/jsonthing-web/CHANGELOG.md',
40 silly gitAdd   'pnpm-lock.yaml'
40 silly gitAdd ]
41 silly gitCommit Publish
41 silly gitCommit
41 silly gitCommit  - jsonthing-api@0.7.0
41 silly gitCommit  - jsonthing-web@0.8.0
42 verbose git [ 'commit', '--amend', '--no-edit' ]
43 error Error: Command failed with exit code 1: git commit --amend --no-edit
43 error turbo 2.2.3
43 error
43 error • Packages in scope: jsonthing-api, jsonthing-web
43 error • Running pre-commit in 2 packages
43 error • Remote caching disabled
43 error jsonthing-api:pre-commit: cache miss, executing 2e2a25622f72eb13
43 error jsonthing-web:pre-commit: cache miss, executing 81c2accd9fa8b8da
43 error jsonthing-web:pre-commit:
43 error jsonthing-web:pre-commit: > jsonthing-web@0.8.0 pre-commit /home/lharti/workspace/jsonthing/apps/jsonthing-web
43 error jsonthing-web:pre-commit: > lint-staged
43 error jsonthing-web:pre-commit:
43 error jsonthing-api:pre-commit:
43 error jsonthing-api:pre-commit: > jsonthing-api@0.7.0 pre-commit /home/lharti/workspace/jsonthing/apps/jsonthing-api
43 error jsonthing-api:pre-commit: > lint-staged
43 error jsonthing-api:pre-commit:
43 error jsonthing-web:pre-commit: [STARTED] Preparing lint-staged...
43 error jsonthing-api:pre-commit: [STARTED] Preparing lint-staged...
43 error jsonthing-api:pre-commit: [STARTED] Running tasks for staged files...
43 error jsonthing-api:pre-commit: [SKIPPED] Running tasks for staged files...
43 error jsonthing-api:pre-commit: [STARTED] Applying modifications from tasks...
43 error jsonthing-api:pre-commit:
43 error jsonthing-api:pre-commit: [SKIPPED]   ✖ lint-staged failed due to a git error.
43 error jsonthing-api:pre-commit: [STARTED] Cleaning up temporary files...
43 error jsonthing-api:pre-commit:
43 error jsonthing-api:pre-commit: [SKIPPED]   ✖ lint-staged failed due to a git error.
43 error jsonthing-api:pre-commit:
43 error jsonthing-api:pre-commit:   ✖ lint-staged failed due to a git error.
43 error jsonthing-api:pre-commit:   Any lost modifications can be restored from a git stash:
43 error jsonthing-api:pre-commit:
43 error jsonthing-api:pre-commit:     > git stash list
43 error jsonthing-api:pre-commit:     stash@{0}: automatic lint-staged backup
43 error jsonthing-api:pre-commit:     > git stash apply --index stash@{0}
43 error jsonthing-api:pre-commit:
43 error jsonthing-web:pre-commit: [COMPLETED] Preparing lint-staged...
43 error jsonthing-api:pre-commit:  ELIFECYCLE  Command failed with exit code 1.
43 error jsonthing-web:pre-commit: [STARTED] Running tasks for staged files...
43 error jsonthing-web:pre-commit: [STARTED] package.json — 2 files
43 error jsonthing-web:pre-commit: [STARTED] *.{js,jsx,ts,tsx} — 0 files
43 error jsonthing-web:pre-commit: [STARTED] *.{js,jsx,json,ts,tsx,yaml,yml,md,html} — 2 files
43 error jsonthing-web:pre-commit: [SKIPPED] *.{js,jsx,ts,tsx} — no files
43 error jsonthing-web:pre-commit: [STARTED] pnpm run format
43 error jsonthing-api:pre-commit: ERROR: command finished with error: command (/home/lharti/workspace/jsonthing/apps/jsonthing-api) /home/lharti/.nvm/versions/node/v20.15.1/bin/pnpm run pre-commit exited (1)
43 error jsonthing-web:pre-commit: [FAILED] pnpm run format [SIGINT]
43 error jsonthing-web:pre-commit: [FAILED] pnpm run format [SIGINT]
43 error jsonthing-web:pre-commit: [COMPLETED] Running tasks for staged files...
43 error jsonthing-web:pre-commit: [STARTED] Applying modifications from tasks...
43 error jsonthing-web:pre-commit: [SKIPPED] Skipped because of errors from tasks.
43 error jsonthing-web:pre-commit: [STARTED] Reverting to original state because of errors...
43 error jsonthing-web:pre-commit: [COMPLETED] Reverting to original state because of errors...
43 error jsonthing-web:pre-commit: [STARTED] Cleaning up temporary files...
43 error jsonthing-web:pre-commit: [COMPLETED] Cleaning up temporary files...
43 error jsonthing-web:pre-commit:
43 error jsonthing-web:pre-commit: ✖ pnpm run format failed without output (SIGINT).
43 error jsonthing-api#pre-commit: command (/home/lharti/workspace/jsonthing/apps/jsonthing-api) /home/lharti/.nvm/versions/node/v20.15.1/bin/pnpm run pre-commit exited (1)
43 error
43 error  Tasks:    0 successful, 2 total
43 error Cached:    0 cached, 2 total
43 error   Time:    852ms
43 error Failed:    jsonthing-api#pre-commit
43 error
43 error  ERROR  run failed: command  exited (1)
43 error husky - pre-commit script failed (code 1)
43 error     at makeError (/home/lharti/workspace/jsonthing/node_modules/execa/lib/error.js:59:11)
43 error     at handlePromise (/home/lharti/workspace/jsonthing/node_modules/execa/index.js:114:26)
43 error     at process.processTicksAndRejections (node:internal/process/task_queues:95:5)
43 error     at async VersionCommand.gitCommitAndTagVersionForUpdates (/home/lharti/workspace/jsonthing/node_modules/lerna/dist/index.js:9952:11)
